<?xml version="1.0" encoding="UTF-8"?>
<testng-results ignored="0" total="1" passed="1" failed="0" skipped="0">
  <reporter-output>
  </reporter-output>
  <suite started-at="2025-02-21T09:53:08 EET" name="Default suite" finished-at="2025-02-21T09:53:12 EET" duration-ms="4331">
    <groups>
    </groups>
    <test started-at="2025-02-21T09:53:08 EET" name="Default test" finished-at="2025-02-21T09:53:12 EET" duration-ms="4331">
      <class name="testLogin.LoginOrangeHRM">
        <test-method is-config="true" signature="setup()[pri:0, instance:testLogin.LoginOrangeHRM@3af17be2]" started-at="2025-02-21T09:53:08 EET" name="setup" finished-at="2025-02-21T09:53:10 EET" duration-ms="2296" status="PASS">
          <reporter-output>
          </reporter-output>
        </test-method> <!-- setup -->
        <test-method signature="test()[pri:0, instance:testLogin.LoginOrangeHRM@3af17be2]" started-at="2025-02-21T09:53:10 EET" name="test" finished-at="2025-02-21T09:53:12 EET" duration-ms="1810" status="PASS">
          <reporter-output>
          </reporter-output>
        </test-method> <!-- test -->
        <test-method is-config="true" signature="closetest()[pri:0, instance:testLogin.LoginOrangeHRM@3af17be2]" started-at="2025-02-21T09:53:12 EET" name="closetest" finished-at="2025-02-21T09:53:12 EET" duration-ms="184" status="PASS">
          <reporter-output>
          </reporter-output>
        </test-method> <!-- closetest -->
      </class> <!-- testLogin.LoginOrangeHRM -->
    </test> <!-- Default test -->
  </suite> <!-- Default suite -->
</testng-results>
